<?xml version="1.0" encoding="UTF-8"?>
<!-- Generated by org.testng.reporters.JUnitReportReporter -->
<testsuite skipped="0" hostname="asus" name="ValidateNavbar" tests="1" failures="0" timestamp="19 Nov 2020 06:22:09 GMT" time="0.074" errors="0">
  <testcase name="basePageNavigation" time="0.074" classname="ValidateNavbar"/>
</testsuite> <!-- ValidateNavbar -->
