<?xml version="1.0" encoding="UTF-8"?>
<!-- Generated by org.testng.reporters.JUnitReportReporter -->
<testsuite skipped="0" hostname="asus" name="TestCases.ValidateNavbar" tests="1" failures="0" timestamp="20 Nov 2020 08:16:01 GMT" time="0.158" errors="0">
  <testcase name="basePageNavigation" time="0.158" classname="TestCases.ValidateNavbar"/>
</testsuite> <!-- TestCases.ValidateNavbar -->
