<?xml version="1.0" encoding="UTF-8"?>
<!-- Generated by org.testng.reporters.JUnitReportReporter -->
<testsuite skipped="0" hostname="asus" name="TestCases.HomePage" tests="3" failures="0" timestamp="20 Nov 2020 08:16:01 GMT" time="13.847" errors="0">
  <testcase name="basePageNavigation" time="7.064" classname="TestCases.HomePage"/>
  <testcase name="basePageNavigation" time="3.440" classname="TestCases.HomePage"/>
  <testcase name="basePageNavigation" time="3.343" classname="TestCases.HomePage"/>
</testsuite> <!-- TestCases.HomePage -->
