<?xml version="1.0" encoding="UTF-8"?>
<!-- Generated by org.testng.reporters.JUnitReportReporter -->
<testsuite skipped="0" hostname="asus" name="HomePage" tests="3" failures="0" timestamp="19 Nov 2020 06:22:09 GMT" time="9.650" errors="0">
  <testcase name="basePageNavigation" time="2.150" classname="HomePage"/>
  <testcase name="basePageNavigation" time="5.502" classname="HomePage"/>
  <testcase name="basePageNavigation" time="1.998" classname="HomePage"/>
</testsuite> <!-- HomePage -->
